<?xml version="1.0" encoding="UTF-8"?>
<!-- Generated by org.testng.reporters.JUnitXMLReporter -->
<testsuite hostname="IN-ANKITCHATURV" ignored="0" name="Test" tests="4" failures="0" timestamp="26 Jan 2020 10:17:27 GMT" time="66.805" errors="0">
  <testcase name="validateLoginError" time="3.339" classname="com.Web.TC_LoginPageTests"/>
  <testcase name="validateLoginFeature" time="8.744" classname="com.Web.TC_LoginPageTests"/>
  <testcase name="validateLogOut" time="1.462" classname="com.Web.TC_LoginPageTests"/>
  <testcase name="userSignUp" time="29.564" classname="com.Web.TC_SignUpTests"/>
</testsuite> <!-- Test -->
