<?xml version="1.0" encoding="UTF-8"?>
<testng-results skipped="0" failed="0" ignored="0" total="3" passed="3">
  <reporter-output>
  </reporter-output>
  <suite name="Default suite" duration-ms="26548" started-at="2020-01-24T04:27:48Z" finished-at="2020-01-24T04:28:15Z">
    <groups>
    </groups>
    <test name="Default test" duration-ms="26548" started-at="2020-01-24T04:27:48Z" finished-at="2020-01-24T04:28:15Z">
      <class name="com.Web.TC_LoginPageTests">
        <test-method status="PASS" signature="setup()[pri:0, instance:com.Web.TC_LoginPageTests@ae45eb6]" name="setup" is-config="true" duration-ms="10274" started-at="2020-01-24T04:27:48Z" finished-at="2020-01-24T04:27:58Z">
          <reporter-output>
          </reporter-output>
        </test-method> <!-- setup -->
        <test-method status="PASS" signature="validateLoginError()[pri:0, instance:com.Web.TC_LoginPageTests@ae45eb6]" name="validateLoginError" duration-ms="4312" started-at="2020-01-24T04:27:58Z" finished-at="2020-01-24T04:28:03Z">
          <reporter-output>
          </reporter-output>
        </test-method> <!-- validateLoginError -->
        <test-method status="PASS" signature="validateLoginFeature()[pri:0, instance:com.Web.TC_LoginPageTests@ae45eb6]" name="validateLoginFeature" duration-ms="9884" started-at="2020-01-24T04:28:03Z" depends-on-methods="com.Web.TC_LoginPageTests.validateLoginError" finished-at="2020-01-24T04:28:13Z">
          <reporter-output>
          </reporter-output>
        </test-method> <!-- validateLoginFeature -->
        <test-method status="PASS" signature="validateLogOut()[pri:0, instance:com.Web.TC_LoginPageTests@ae45eb6]" name="validateLogOut" duration-ms="1997" started-at="2020-01-24T04:28:13Z" depends-on-methods="com.Web.TC_LoginPageTests.validateLoginFeature" finished-at="2020-01-24T04:28:15Z">
          <reporter-output>
          </reporter-output>
        </test-method> <!-- validateLogOut -->
      </class> <!-- com.Web.TC_LoginPageTests -->
    </test> <!-- Default test -->
  </suite> <!-- Default suite -->
</testng-results>
